<?xml version="1.0" encoding="UTF-8"?>
<!-- Generated by org.testng.reporters.JUnitXMLReporter -->
<testsuite hostname="aaaa.local" name="DevQA" tests="12" failures="0" timestamp="23 Aug 2016 19:08:55 GMT" time="882.152" errors="0">
  <testcase name="testFilesfromTeamwork" time="32.261" classname="com.code.java.selenium.FilesfromTeamworkDev"/>
  <testcase name="testsignInPage" time="30.041" classname="com.code.java.selenium.SignInPageandForgetPasswordTestDev"/>
  <testcase name="testDashboard" time="53.797" classname="com.code.java.selenium.Dashboard"/>
  <testcase name="testBuzzPointsUserPage" time="40.311" classname="com.code.java.selenium.BuzzPointsUserPage"/>
  <testcase name="testEmployeeManagementpage" time="51.685" classname="com.code.java.selenium.EmployeeManagementpage"/>
  <testcase name="testEmployeeProfile" time="69.684" classname="com.code.java.selenium.EmployeeProfile"/>
  <testcase name="testEmployeeProfileEdit" time="42.248" classname="com.code.java.selenium.EmployeeProfileEdit"/>
  <testcase name="testMyProfile" time="35.003" classname="com.code.java.selenium.MyProfile"/>
  <testcase name="testEnrollmentReport" time="92.795" classname="com.code.java.selenium.ReportPage_EnrollmentReport"/>
  <testcase name="testPendingEnrollmentsReport" time="94.089" classname="com.code.java.selenium.ReportPage_PendingEnrollmentsReport"/>
  <testcase name="testPreferredLocalBusinessReport" time="119.81" classname="com.code.java.selenium.ReportPage_PreferredLocalBusinessReport"/>
  <testcase name="testRewardRedemptionReport" time="100.179" classname="com.code.java.selenium.ReportPage_RewardRedemptionReport"/>
</testsuite> <!-- DevQA -->
