<?xml version="1.0" encoding="UTF-8"?>
<!-- Generated by org.testng.reporters.JUnitXMLReporter -->
<testsuite hostname="aaaa.local" name="Staging environment" tests="12" failures="0" timestamp="23 Aug 2016 18:54:13 GMT" time="827.492" errors="0">
  <testcase name="testFilesfromTeamwork" time="50.317" classname="com.code.java.selenium.FilesfromTeamwork"/>
  <testcase name="testsignInPage" time="27.552" classname="com.code.java.selenium.SignInPageandForgetPasswordTest"/>
  <testcase name="testDashboard" time="46.574" classname="com.code.java.selenium.Dashboard"/>
  <testcase name="testBuzzPointsUserPage" time="36.272" classname="com.code.java.selenium.BuzzPointsUserPage"/>
  <testcase name="testEmployeeManagementpage" time="48.252" classname="com.code.java.selenium.EmployeeManagementpage"/>
  <testcase name="testEmployeeProfile" time="68.9" classname="com.code.java.selenium.EmployeeProfile"/>
  <testcase name="testEmployeeProfileEdit" time="39.134" classname="com.code.java.selenium.EmployeeProfileEdit"/>
  <testcase name="testMyProfile" time="31.323" classname="com.code.java.selenium.MyProfile"/>
  <testcase name="testEnrollmentReport" time="87.596" classname="com.code.java.selenium.ReportPage_EnrollmentReport"/>
  <testcase name="testPendingEnrollmentsReport" time="93.004" classname="com.code.java.selenium.ReportPage_PendingEnrollmentsReport"/>
  <testcase name="testPreferredLocalBusinessReport" time="105.514" classname="com.code.java.selenium.ReportPage_PreferredLocalBusinessReport"/>
  <testcase name="testRewardRedemptionReport" time="98.7" classname="com.code.java.selenium.ReportPage_RewardRedemptionReport"/>
</testsuite> <!-- Staging environment -->
