<?xml version="1.0" encoding="UTF-8"?>
<testsuite name="TestSuite" time="795.441" tests="24" errors="0" skipped="0" failures="0">
  <properties>
[...]
</properties>
  <testcase name="testFilesfromTeamwork" classname="com.code.java.selenium.FilesfromTeamwork" time="50.317"/>
  <testcase name="testsignInPage" classname="com.code.java.selenium.SignInPageandForgetPasswordTest" time="27.552"/>
  <testcase name="testDashboard" classname="com.code.java.selenium.Dashboard" time="46.575"/>
  <testcase name="testDashboard" classname="com.code.java.selenium.Dashboard" time="53.8"/>
  <testcase name="testBuzzPointsUserPage" classname="com.code.java.selenium.BuzzPointsUserPage" time="36.272"/>
  <testcase name="testBuzzPointsUserPage" classname="com.code.java.selenium.BuzzPointsUserPage" time="40.312"/>
  <testcase name="testEmployeeManagementpage" classname="com.code.java.selenium.EmployeeManagementpage" time="48.251"/>
  <testcase name="testEmployeeManagementpage" classname="com.code.java.selenium.EmployeeManagementpage" time="51.685"/>
  <testcase name="testEmployeeProfile" classname="com.code.java.selenium.EmployeeProfile" time="68.9"/>
  <testcase name="testEmployeeProfile" classname="com.code.java.selenium.EmployeeProfile" time="69.684"/>
  <testcase name="testEmployeeProfileEdit" classname="com.code.java.selenium.EmployeeProfileEdit" time="39.134"/>
  <testcase name="testEmployeeProfileEdit" classname="com.code.java.selenium.EmployeeProfileEdit" time="42.248"/>
  <testcase name="testMyProfile" classname="com.code.java.selenium.MyProfile" time="31.323"/>
  <testcase name="testMyProfile" classname="com.code.java.selenium.MyProfile" time="35.004"/>
  <testcase name="testEnrollmentReport" classname="com.code.java.selenium.ReportPage_EnrollmentReport" time="87.597"/>
  <testcase name="testEnrollmentReport" classname="com.code.java.selenium.ReportPage_EnrollmentReport" time="92.795"/>
  <testcase name="testPendingEnrollmentsReport" classname="com.code.java.selenium.ReportPage_PendingEnrollmentsReport" time="93.004"/>
  <testcase name="testPendingEnrollmentsReport" classname="com.code.java.selenium.ReportPage_PendingEnrollmentsReport" time="94.088"/>
  <testcase name="testPreferredLocalBusinessReport" classname="com.code.java.selenium.ReportPage_PreferredLocalBusinessReport" time="105.514"/>
  <testcase name="testPreferredLocalBusinessReport" classname="com.code.java.selenium.ReportPage_PreferredLocalBusinessReport" time="119.811"/>
  <testcase name="testRewardRedemptionReport" classname="com.code.java.selenium.ReportPage_RewardRedemptionReport" time="98.7"/>
  <testcase name="testRewardRedemptionReport" classname="com.code.java.selenium.ReportPage_RewardRedemptionReport" time="100.179"/>
  <testcase name="testFilesfromTeamwork" classname="com.code.java.selenium.FilesfromTeamworkDev" time="32.261"/>
  <testcase name="testsignInPage" classname="com.code.java.selenium.SignInPageandForgetPasswordTestDev" time="30.041"/>
</testsuite>