<?xml version="1.0" encoding="UTF-8"?>
<testng-results skipped="1" failed="0" total="1" passed="0">
  <reporter-output>
  </reporter-output>
  <suite name="Default suite" duration-ms="33" started-at="2016-08-04T15:52:43Z" finished-at="2016-08-04T15:52:43Z">
    <groups>
    </groups>
    <test name="Default test" duration-ms="33" started-at="2016-08-04T15:52:43Z" finished-at="2016-08-04T15:52:43Z">
      <class name="com.code.java.selenium.SignInPageandForgetPasswordTest">
        <test-method status="FAIL" signature="setUp(java.lang.String, java.lang.String, java.lang.String)[pri:0, instance:com.code.java.selenium.SignInPageandForgetPasswordTest@e25b2fe]" name="setUp" is-config="true" duration-ms="0" started-at="2016-08-04T10:52:43Z" finished-at="2016-08-04T10:52:43Z">
          <exception class="org.testng.TestNGException">
            <message>
              <![CDATA[
Parameter 'url' is required by @Configuration on method setUp but has not been marked @Optional or defined
in /private/var/folders/kg/3wk4g21175jbhk3z6vc3ypv80000gr/T/testng-eclipse--854184830/testng-customsuite.xml]]>
            </message>
            <full-stacktrace>
              <![CDATA[org.testng.TestNGException: 
Parameter 'url' is required by @Configuration on method setUp but has not been marked @Optional or defined
in /private/var/folders/kg/3wk4g21175jbhk3z6vc3ypv80000gr/T/testng-eclipse--854184830/testng-customsuite.xml
	at org.testng.internal.Parameters.createParameters(Parameters.java:154)
	at org.testng.internal.Parameters.createParameters(Parameters.java:361)
	at org.testng.internal.Parameters.createConfigurationParameters(Parameters.java:84)
	at org.testng.internal.Invoker.invokeConfigurations(Invoker.java:197)
	at org.testng.internal.Invoker.invokeConfigurations(Invoker.java:138)
	at org.testng.internal.TestMethodWorker.invokeBeforeClassMethods(TestMethodWorker.java:170)
	at org.testng.internal.TestMethodWorker.run(TestMethodWorker.java:104)
	at org.testng.TestRunner.privateRun(TestRunner.java:774)
	at org.testng.TestRunner.run(TestRunner.java:624)
	at org.testng.SuiteRunner.runTest(SuiteRunner.java:359)
	at org.testng.SuiteRunner.runSequentially(SuiteRunner.java:354)
	at org.testng.SuiteRunner.privateRun(SuiteRunner.java:312)
	at org.testng.SuiteRunner.run(SuiteRunner.java:261)
	at org.testng.SuiteRunnerWorker.runSuite(SuiteRunnerWorker.java:52)
	at org.testng.SuiteRunnerWorker.run(SuiteRunnerWorker.java:86)
	at org.testng.TestNG.runSuitesSequentially(TestNG.java:1215)
	at org.testng.TestNG.runSuitesLocally(TestNG.java:1140)
	at org.testng.TestNG.run(TestNG.java:1048)
	at org.testng.remote.AbstractRemoteTestNG.run(AbstractRemoteTestNG.java:126)
	at org.testng.remote.RemoteTestNG.initAndRun(RemoteTestNG.java:152)
	at org.testng.remote.RemoteTestNG.main(RemoteTestNG.java:57)
]]>
            </full-stacktrace>
          </exception> <!-- org.testng.TestNGException -->
          <reporter-output>
          </reporter-output>
        </test-method> <!-- setUp -->
        <test-method status="SKIP" signature="testsignInPage()[pri:0, instance:com.code.java.selenium.SignInPageandForgetPasswordTest@e25b2fe]" name="testsignInPage" duration-ms="6" started-at="2016-08-04T10:52:43Z" finished-at="2016-08-04T10:52:43Z">
          <reporter-output>
          </reporter-output>
        </test-method> <!-- testsignInPage -->
        <test-method status="PASS" signature="tearDown()[pri:0, instance:com.code.java.selenium.SignInPageandForgetPasswordTest@e25b2fe]" name="tearDown" is-config="true" duration-ms="4" started-at="2016-08-04T10:52:43Z" finished-at="2016-08-04T10:52:43Z">
          <reporter-output>
          </reporter-output>
        </test-method> <!-- tearDown -->
      </class> <!-- com.code.java.selenium.SignInPageandForgetPasswordTest -->
    </test> <!-- Default test -->
  </suite> <!-- Default suite -->
</testng-results>
